<?xml version="1.0" encoding="UTF-8"?>
<!-- Generated by org.testng.reporters.JUnitReportReporter -->
<testsuite hostname="DESKTOP-GMLFDQE" failures="0" tests="3" name="attribute2.DependsOnGroup" time="0.020" errors="0" timestamp="21 Jan 2022 17:52:45 GMT" skipped="0">
  <testcase classname="attribute2.DependsOnGroup" name="Testcase3" time="0.004"/>
  <testcase classname="attribute2.DependsOnGroup" name="Testcase2" time="0.014"/>
  <testcase classname="attribute2.DependsOnGroup" name="TestCase1" time="0.002"/>
</testsuite> <!-- attribute2.DependsOnGroup -->
