<?xml version="1.0" encoding="UTF-8"?>
<!-- Generated by org.testng.reporters.JUnitReportReporter -->
<testsuite hostname="DESKTOP-GMLFDQE" failures="0" tests="3" name="attibutes1.priorities" time="0.021" errors="0" timestamp="21 Jan 2022 17:05:35 GMT" skipped="0">
  <testcase classname="attibutes1.priorities" name="watermelon" time="0.015"/>
  <testcase classname="attibutes1.priorities" name="mango" time="0.003"/>
  <testcase classname="attibutes1.priorities" name="apple" time="0.003"/>
</testsuite> <!-- attibutes1.priorities -->
