<?xml version="1.0" encoding="UTF-8"?>
<!-- Generated by org.testng.reporters.JUnitReportReporter -->
<testsuite hostname="DESKTOP-GMLFDQE" failures="0" tests="1" name="attribute2.DependOnMethod" time="0.012" errors="0" timestamp="21 Jan 2022 17:20:53 GMT" skipped="0">
  <testcase classname="attribute2.DependOnMethod" name="Webstudentlogin" time="0.012"/>
</testsuite> <!-- attribute2.DependOnMethod -->
