<?xml version="1.0" encoding="UTF-8"?>
<!-- Generated by org.testng.reporters.JUnitReportReporter -->
<testsuite hostname="DESKTOP-GMLFDQE" failures="0" tests="1" name="summa.Hey" time="0.017" errors="0" timestamp="20 Jan 2022 17:52:52 GMT" skipped="0">
  <testcase classname="summa.Hey" name="get" time="0.017"/>
</testsuite> <!-- summa.Hey -->
