<?xml version="1.0" encoding="UTF-8"?>
<!-- Generated by org.testng.reporters.JUnitReportReporter -->
<testsuite hostname="DESKTOP-GMLFDQE" failures="0" tests="1" name="testngBasics.LearnWindowHandling" time="17.784" errors="0" timestamp="27 Jan 2022 17:05:57 GMT" skipped="0">
  <testcase classname="testngBasics.LearnWindowHandling" name="WindowHandling" time="17.784"/>
</testsuite> <!-- testngBasics.LearnWindowHandling -->
