<?xml version="1.0" encoding="UTF-8"?>
<!-- Generated by org.testng.reporters.JUnitReportReporter -->
<testsuite hostname="DESKTOP-GMLFDQE" failures="0" tests="1" name="attibutes1.Parameters" time="10.283" errors="0" timestamp="25 Jan 2022 16:26:31 GMT" skipped="0">
  <testcase classname="attibutes1.Parameters" name="learn" time="10.283"/>
</testsuite> <!-- attibutes1.Parameters -->
