<?xml version="1.0" encoding="UTF-8"?>
<!-- Generated by org.testng.reporters.JUnitReportReporter -->
<testsuite hostname="DESKTOP-GMLFDQE" failures="0" tests="3" name="attribute2.LearnDependsOn" time="0.022" errors="0" timestamp="21 Jan 2022 18:07:26 GMT" skipped="0">
  <testcase classname="attribute2.LearnDependsOn" name="WebStudentLogin" time="0.001"/>
  <testcase classname="attribute2.LearnDependsOn" name="MobileStudentlogin" time="0.002"/>
  <testcase classname="attribute2.LearnDependsOn" name="APIStudentLogin" time="0.019"/>
</testsuite> <!-- attribute2.LearnDependsOn -->
