<?xml version="1.0" encoding="UTF-8"?>
<!-- Generated by org.testng.reporters.JUnitReportReporter -->
<testsuite hostname="DESKTOP-GMLFDQE" failures="0" tests="1" name="LearnFindElements" time="12.220" errors="0" timestamp="20 Jan 2022 21:31:18 GMT" skipped="0">
  <testcase classname="LearnFindElements" name="FindElements" time="12.220"/>
</testsuite> <!-- LearnFindElements -->
