<?xml version="1.0" encoding="UTF-8"?>
<!-- Generated by org.testng.reporters.JUnitReportReporter -->
<testsuite hostname="DESKTOP-GMLFDQE" failures="0" tests="1" name="summa.LearnFindElements" time="13.147" errors="0" timestamp="20 Jan 2022 21:17:23 GMT" skipped="0">
  <testcase classname="summa.LearnFindElements" name="main" time="13.147"/>
</testsuite> <!-- summa.LearnFindElements -->
