<?xml version="1.0" encoding="UTF-8"?>
<!-- Generated by org.testng.reporters.JUnitReportReporter -->
<testsuite hostname="DESKTOP-GMLFDQE" failures="0" tests="3" name="dataprovider.LearnDataprovider" time="44.073" errors="0" timestamp="27 Jan 2022 16:39:15 GMT" skipped="0">
  <testcase classname="dataprovider.LearnDataprovider" name="login" time="13.407"/>
  <testcase classname="dataprovider.LearnDataprovider" name="login" time="14.696"/>
  <testcase classname="dataprovider.LearnDataprovider" name="login" time="15.970"/>
</testsuite> <!-- dataprovider.LearnDataprovider -->
