<?xml version="1.0" encoding="UTF-8"?>
<!-- Generated by org.testng.reporters.JUnitReportReporter -->
<testsuite hostname="DESKTOP-GMLFDQE" failures="0" tests="4" name="attibutes1.LearnGroups" time="0.027" errors="0" timestamp="27 Jan 2022 16:30:41 GMT" skipped="0">
  <testcase classname="attibutes1.LearnGroups" name="SignUp" time="0.001"/>
  <testcase classname="attibutes1.LearnGroups" name="AddToCart" time="0.014"/>
  <testcase classname="attibutes1.LearnGroups" name="Login" time="0.011"/>
  <testcase classname="attibutes1.LearnGroups" name="SearchProduct" time="0.001"/>
</testsuite> <!-- attibutes1.LearnGroups -->
