<?xml version="1.0" encoding="UTF-8"?>
<!-- Generated by org.testng.reporters.JUnitReportReporter -->
<testsuite hostname="DESKTOP-GMLFDQE" failures="0" tests="3" name="testngBasics.LearnFindElements" time="57.222" errors="0" timestamp="27 Jan 2022 17:05:57 GMT" skipped="0">
  <testcase classname="testngBasics.LearnFindElements" name="findelements" time="19.213"/>
  <testcase classname="testngBasics.LearnFindElements" name="findelements" time="18.943"/>
  <testcase classname="testngBasics.LearnFindElements" name="findelements" time="19.066"/>
</testsuite> <!-- testngBasics.LearnFindElements -->
